# JRE version: OpenJDK Runtime Environment (11.0.18+10) (build 11.0.18+10-post-Debian-1deb11u1)
# Java VM: OpenJDK 64-Bit Server VM (11.0.18+10-post-Debian-1deb11u1, mixed mode, sharing, tiered, compressed oops, g1 gc, linux-amd64)
Heap:
 garbage-first heap   total 81920K, used 38417K [0x0000000746c00000, 0x0000000800000000)
  region size 1024K, 18 young (18432K), 5 survivors (5120K)
 Metaspace       used 52969K, capacity 55032K, committed 55212K, reserved 1097728K
  class space    used 7126K, capacity 7921K, committed 7936K, reserved 1048576K
GC Heap History (20 events):
Event: 1.023 GC heap before
{Heap before GC invocations=2 (full 0):
 garbage-first heap   total 192512K, used 30348K [0x0000000746c00000, 0x0000000800000000)
  region size 1024K, 23 young (23552K), 1 survivors (1024K)
 Metaspace       used 9649K, capacity 10156K, committed 10496K, reserved 1058816K
  class space    used 1254K, capacity 1465K, committed 1536K, reserved 1048576K
}
Event: 1.027 GC heap after
{Heap after GC invocations=3 (full 0):
 garbage-first heap   total 192512K, used 8802K [0x0000000746c00000, 0x0000000800000000)
  region size 1024K, 2 young (2048K), 2 survivors (2048K)
 Metaspace       used 9649K, capacity 10156K, committed 10496K, reserved 1058816K
  class space    used 1254K, capacity 1465K, committed 1536K, reserved 1048576K
}
Event: 1.356 GC heap before
{Heap before GC invocations=3 (full 0):
 garbage-first heap   total 192512K, used 43618K [0x0000000746c00000, 0x0000000800000000)
  region size 1024K, 37 young (37888K), 2 survivors (2048K)
 Metaspace       used 15676K, capacity 16361K, committed 16512K, reserved 1062912K
  class space    used 2054K, capacity 2350K, committed 2432K, reserved 1048576K
}
Event: 1.363 GC heap after
{Heap after GC invocations=4 (full 0):
 garbage-first heap   total 192512K, used 10192K [0x0000000746c00000, 0x0000000800000000)
  region size 1024K, 3 young (3072K), 3 survivors (3072K)
 Metaspace       used 15676K, capacity 16361K, committed 16512K, reserved 1062912K
  class space    used 2054K, capacity 2350K, committed 2432K, reserved 1048576K
}
Event: 2.086 GC heap before
{Heap before GC invocations=4 (full 0):
 garbage-first heap   total 192512K, used 69584K [0x0000000746c00000, 0x0000000800000000)
  region size 1024K, 61 young (62464K), 3 survivors (3072K)
 Metaspace       used 19425K, capacity 20372K, committed 20736K, reserved 1067008K
  class space    used 2578K, capacity 2980K, committed 3072K, reserved 1048576K
}
Event: 2.094 GC heap after
{Heap after GC invocations=5 (full 0):
 garbage-first heap   total 244736K, used 12402K [0x0000000746c00000, 0x0000000800000000)
  region size 1024K, 5 young (5120K), 5 survivors (5120K)
 Metaspace       used 19425K, capacity 20372K, committed 20736K, reserved 1067008K
  class space    used 2578K, capacity 2980K, committed 3072K, reserved 1048576K
}
Event: 2.193 GC heap before
{Heap before GC invocations=5 (full 0):
 garbage-first heap   total 244736K, used 19570K [0x0000000746c00000, 0x0000000800000000)
  region size 1024K, 13 young (13312K), 5 survivors (5120K)
 Metaspace       used 20019K, capacity 20960K, committed 21248K, reserved 1067008K
  class space    used 2670K, capacity 3047K, committed 3072K, reserved 1048576K
}
Event: 2.203 GC heap after
{Heap after GC invocations=6 (full 0):
 garbage-first heap   total 244736K, used 13044K [0x0000000746c00000, 0x0000000800000000)
  region size 1024K, 6 young (6144K), 6 survivors (6144K)
 Metaspace       used 20019K, capacity 20960K, committed 21248K, reserved 1067008K
  class space    used 2670K, capacity 3047K, committed 3072K, reserved 1048576K
}
Event: 3.034 GC heap before
{Heap before GC invocations=7 (full 0):
 garbage-first heap   total 244736K, used 86772K [0x0000000746c00000, 0x0000000800000000)
  region size 1024K, 78 young (79872K), 6 survivors (6144K)
 Metaspace       used 28457K, capacity 29743K, committed 29952K, reserved 1075200K
  class space    used 3756K, capacity 4241K, committed 4352K, reserved 1048576K
}
Event: 3.056 GC heap after
{Heap after GC invocations=8 (full 0):
 garbage-first heap   total 244736K, used 16655K [0x0000000746c00000, 0x0000000800000000)
  region size 1024K, 9 young (9216K), 9 survivors (9216K)
 Metaspace       used 28457K, capacity 29743K, committed 29952K, reserved 1075200K
  class space    used 3756K, capacity 4241K, committed 4352K, reserved 1048576K
}
Event: 3.311 GC heap before
{Heap before GC invocations=8 (full 0):
 garbage-first heap   total 244736K, used 47375K [0x0000000746c00000, 0x0000000800000000)
  region size 1024K, 40 young (40960K), 9 survivors (9216K)
 Metaspace       used 34073K, capacity 35378K, committed 35628K, reserved 1079296K
  class space    used 4619K, capacity 5158K, committed 5248K, reserved 1048576K
}
Event: 3.329 GC heap after
{Heap after GC invocations=9 (full 0):
 garbage-first heap   total 244736K, used 18217K [0x0000000746c00000, 0x0000000800000000)
  region size 1024K, 10 young (10240K), 10 survivors (10240K)
 Metaspace       used 34073K, capacity 35378K, committed 35628K, reserved 1079296K
  class space    used 4619K, capacity 5158K, committed 5248K, reserved 1048576K
}
Event: 4.497 GC heap before
{Heap before GC invocations=10 (full 0):
 garbage-first heap   total 244736K, used 122665K [0x0000000746c00000, 0x0000000800000000)
  region size 1024K, 112 young (114688K), 10 survivors (10240K)
 Metaspace       used 47173K, capacity 48862K, committed 48940K, reserved 1091584K
  class space    used 6354K, capacity 7020K, committed 7040K, reserved 1048576K
}
Event: 4.518 GC heap after
{Heap after GC invocations=11 (full 0):
 garbage-first heap   total 334848K, used 22128K [0x0000000746c00000, 0x0000000800000000)
  region size 1024K, 10 young (10240K), 10 survivors (10240K)
 Metaspace       used 47173K, capacity 48862K, committed 48940K, reserved 1091584K
  class space    used 6354K, capacity 7020K, committed 7040K, reserved 1048576K
}
Event: 603.507 GC heap before
{Heap before GC invocations=12 (full 0):
 garbage-first heap   total 334848K, used 126576K [0x0000000746c00000, 0x0000000800000000)
  region size 1024K, 113 young (115712K), 10 survivors (10240K)
 Metaspace       used 52640K, capacity 54611K, committed 54956K, reserved 1095680K
  class space    used 7095K, capacity 7870K, committed 7936K, reserved 1048576K
}
Event: 603.590 GC heap after
{Heap after GC invocations=13 (full 1):
 garbage-first heap   total 81920K, used 21858K [0x0000000746c00000, 0x0000000800000000)
  region size 1024K, 0 young (0K), 0 survivors (0K)
 Metaspace       used 52640K, capacity 54611K, committed 54956K, reserved 1095680K
  class space    used 7095K, capacity 7870K, committed 7936K, reserved 1048576K
}
Event: 604.054 GC heap before
{Heap before GC invocations=13 (full 1):
 garbage-first heap   total 81920K, used 54626K [0x0000000746c00000, 0x0000000800000000)
  region size 1024K, 33 young (33792K), 0 survivors (0K)
 Metaspace       used 52695K, capacity 54685K, committed 54956K, reserved 1095680K
  class space    used 7102K, capacity 7876K, committed 7936K, reserved 1048576K
}
Event: 604.059 GC heap after
{Heap after GC invocations=14 (full 1):
 garbage-first heap   total 81920K, used 24800K [0x0000000746c00000, 0x0000000800000000)
  region size 1024K, 3 young (3072K), 3 survivors (3072K)
 Metaspace       used 52695K, capacity 54685K, committed 54956K, reserved 1095680K
  class space    used 7102K, capacity 7876K, committed 7936K, reserved 1048576K
}
Event: 604.508 GC heap before
{Heap before GC invocations=14 (full 1):
 garbage-first heap   total 81920K, used 57568K [0x0000000746c00000, 0x0000000800000000)
  region size 1024K, 35 young (35840K), 3 survivors (3072K)
 Metaspace       used 52895K, capacity 54959K, committed 55212K, reserved 1097728K
  class space    used 7124K, capacity 7919K, committed 7936K, reserved 1048576K
}
Event: 604.515 GC heap after
{Heap after GC invocations=15 (full 1):
 garbage-first heap   total 81920K, used 26129K [0x0000000746c00000, 0x0000000800000000)
  region size 1024K, 5 young (5120K), 5 survivors (5120K)
 Metaspace       used 52895K, capacity 54959K, committed 55212K, reserved 1097728K
  class space    used 7124K, capacity 7919K, committed 7936K, reserved 1048576K
}

